perl: warning: Setting locale failed.
perl: warning: Please check that your locale settings:
	LANGUAGE = (unset),
	LC_ALL = (unset),
	LC_CTYPE = "UTF-8",
	LANG = "en_ZA.utf-8"
    are supported and installed on your system.
perl: warning: Falling back to the standard locale ("C").
/var/tmp/slurmd.spool/job1912606/slurm_script: line 8: nvcc: command not found
Loading python/miniconda3-py38-usr-A
  Loading requirement: compilers/gcc820 mpi/openmpi-4.0.1
Training AGCRN for horizons:16   split:0
Data Shape:   (113929, 45, 6)
Train:  (461, 24, 45, 6) (461, 16, 45, 1)
Val:  (261, 24, 45, 6) (261, 16, 45, 1)
Test:  (161, 24, 45, 6) (161, 16, 45, 1)
Applying learning rate decay.
Train Epoch 1: 0/14 Loss: 0.296492
**********Train Epoch 1: averaged Loss: 0.571058, tf_ratio: 1.000000
**********Val Epoch 1: average Loss: 0.278972
*********************************Current best model saved!
Train Epoch 2: 0/14 Loss: 0.286141
**********Train Epoch 2: averaged Loss: 0.219383, tf_ratio: 1.000000
**********Val Epoch 2: average Loss: 0.191636
*********************************Current best model saved!
Train Epoch 3: 0/14 Loss: 0.199580
**********Train Epoch 3: averaged Loss: 0.200622, tf_ratio: 1.000000
**********Val Epoch 3: average Loss: 0.182319
*********************************Current best model saved!
Total training time: 0.3091min, best loss: 0.182319
Saving current best model to /home/gbxade002/WEATHER-FLOW/Garage/Final Models/AGCRN/16 Hour Models/model_split_0.pth
Evaluating horizon:16 split:0 for station:ADDO ELEPHANT PARK
Evaluating horizon:16 split:0 for station:ALEXANDERBAAI
Evaluating horizon:16 split:0 for station:ALIWAL-NORTH PLAATKOP
Evaluating horizon:16 split:0 for station:BARKLY-OOS (CAERLEON)
Evaluating horizon:16 split:0 for station:BRANDVLEI
Evaluating horizon:16 split:0 for station:CALVINIA WO
Evaluating horizon:16 split:0 for station:CAPE TOWN WO
Evaluating horizon:16 split:0 for station:DE AAR WO
Evaluating horizon:16 split:0 for station:DOHNE - AGR
Evaluating horizon:16 split:0 for station:EAST LONDON WO
Evaluating horizon:16 split:0 for station:EXCELSIOR CERES
Evaluating horizon:16 split:0 for station:FORT BEAUFORT
Evaluating horizon:16 split:0 for station:FRASERBURG
Evaluating horizon:16 split:0 for station:GEORGE WITFONTEIN
Evaluating horizon:16 split:0 for station:GEORGE WO
Evaluating horizon:16 split:0 for station:GRAAFF - REINET
Evaluating horizon:16 split:0 for station:GRAHAMSTOWN
Evaluating horizon:16 split:0 for station:KOINGNAAS
Evaluating horizon:16 split:0 for station:LADISMITH
Evaluating horizon:16 split:0 for station:LAINGSBURG
Evaluating horizon:16 split:0 for station:LANGGEWENS
Evaluating horizon:16 split:0 for station:MALMESBURY
Evaluating horizon:16 split:0 for station:MOLTENO RESERVOIR
Evaluating horizon:16 split:0 for station:NOUPOORT
Evaluating horizon:16 split:0 for station:OUDTSHOORN
Evaluating horizon:16 split:0 for station:PATENSIE
Evaluating horizon:16 split:0 for station:POFADDER
Evaluating horizon:16 split:0 for station:PORT ALFRED - AIRPORT
Evaluating horizon:16 split:0 for station:PORT ELIZABETH AWOS
Evaluating horizon:16 split:0 for station:PORT ELIZABETH AWS
Evaluating horizon:16 split:0 for station:PORT NOLLOTH
Evaluating horizon:16 split:0 for station:PORTERVILLE
Evaluating horizon:16 split:0 for station:PRIESKA
Evaluating horizon:16 split:0 for station:REDELINGSHUYS-AWS
Evaluating horizon:16 split:0 for station:RIVERSDALE
Evaluating horizon:16 split:0 for station:SOMERSET EAST
Evaluating horizon:16 split:0 for station:SPRINGBOK WO
Evaluating horizon:16 split:0 for station:TWEE RIVIEREN
Evaluating horizon:16 split:0 for station:UITENHAGE
Evaluating horizon:16 split:0 for station:UPINGTON WO
Evaluating horizon:16 split:0 for station:VANWYKSVLEI
Evaluating horizon:16 split:0 for station:VIOOLSDRIF - AWS
Evaluating horizon:16 split:0 for station:VREDENDAL
Evaluating horizon:16 split:0 for station:WILLOWMORE
Evaluating horizon:16 split:0 for station:WORCESTER-AWS
