perl: warning: Setting locale failed.
perl: warning: Please check that your locale settings:
	LANGUAGE = (unset),
	LC_ALL = (unset),
	LC_CTYPE = "UTF-8",
	LANG = "en_ZA.utf-8"
    are supported and installed on your system.
perl: warning: Falling back to the standard locale ("C").
/var/tmp/slurmd.spool/job1899558/slurm_script: line 8: nvcc: command not found
Loading python/miniconda3-py38-usr-A
  Loading requirement: compilers/gcc820 mpi/openmpi-4.0.1
Generating random parameters for AGCRN
This is the HPO configuration: 
 Lag_length -  24 
 Rnn Units -  32 
 Layers -  1 
 Batch Size -  64 
 Epochs -  10
Training AGCRN for horizons:24   split:0
Traceback (most recent call last):
  File "runAGCRN.py", line 15, in <module>
    agcrn_hpo.hpo() 
  File "/home/gbxade002/WEATHER-FLOW/HPO/agcrnHPO.py", line 59, in hpo
    self.prep_split_data(forecast_len, split)
  File "/home/gbxade002/WEATHER-FLOW/HPO/agcrnHPO.py", line 227, in prep_split_data
    self.train_loader, self.val_loader, self.test_loader, self.scaler = agcrnUtil.get_dataloader(horizon, k, increments, n_stations, self.modelConfig,
TypeError: get_dataloader() missing 1 required positional argument: 'agcrnConfig'
