perl: warning: Setting locale failed.
perl: warning: Please check that your locale settings:
	LANGUAGE = (unset),
	LC_ALL = (unset),
	LC_CTYPE = "UTF-8",
	LANG = "en_ZA.utf-8"
    are supported and installed on your system.
perl: warning: Falling back to the standard locale ("C").
/var/tmp/slurmd.spool/job1899579/slurm_script: line 8: nvcc: command not found
Loading python/miniconda3-py38-usr-A
  Loading requirement: compilers/gcc820 mpi/openmpi-4.0.1
Training AGCRN for horizons:24   split:0
Data Shape:   (113929, 45, 6)
Train:  (2971, 6, 45, 6) (2971, 24, 45, 2)
Val:  (971, 6, 45, 6) (971, 24, 45, 2)
Test:  (971, 6, 45, 6) (971, 24, 45, 2)
Train Epoch 1: 0/92 Loss: 0.330604
Train Epoch 1: 20/92 Loss: 0.138344
Train Epoch 1: 40/92 Loss: 0.089651
Train Epoch 1: 60/92 Loss: 0.076483
Train Epoch 1: 80/92 Loss: 0.077101
**********Train Epoch 1: averaged Loss: 0.167840, tf_ratio: 1.000000
**********Val Epoch 1: average Loss: 0.096149
*********************************Current best model saved!
Train Epoch 2: 0/92 Loss: 0.072374
Train Epoch 2: 20/92 Loss: 0.074294
Train Epoch 2: 40/92 Loss: 0.072765
Train Epoch 2: 60/92 Loss: 0.075326
Train Epoch 2: 80/92 Loss: 0.071735
**********Train Epoch 2: averaged Loss: 0.075318, tf_ratio: 1.000000
**********Val Epoch 2: average Loss: 0.106223
Train Epoch 3: 0/92 Loss: 0.078940
Train Epoch 3: 20/92 Loss: 0.071848
Train Epoch 3: 40/92 Loss: 0.075524
Train Epoch 3: 60/92 Loss: 0.078110
Train Epoch 3: 80/92 Loss: 0.072653
**********Train Epoch 3: averaged Loss: 0.073298, tf_ratio: 1.000000
**********Val Epoch 3: average Loss: 0.103810
Total training time: 0.9270min, best loss: 0.096149
Saving current best model to /home/gbxade002/WEATHER-FLOW/Garage/Final Models/AGCRN/24 Hour Models/model_split_0.pth
Traceback (most recent call last):
  File "runAGCRN.py", line 18, in <module>
    agcrn_trainer.execute() 
  File "/home/gbxade002/WEATHER-FLOW/Execute/agcrnExecute.py", line 54, in execute
    self.execute_split(self.fileDictionary)         #execute the current split
  File "/home/gbxade002/WEATHER-FLOW/Execute/agcrnExecute.py", line 161, in execute_split
    self.test(self.model, self.modelConfig, self.test_loader, self.scaler,self.model_logger)
  File "/home/gbxade002/WEATHER-FLOW/Execute/agcrnExecute.py", line 322, in test
    label = self.scaler.inverse_transform(label)
  File "/home/gbxade002/WEATHER-FLOW/Utils/gwnUtils.py", line 88, in inverse_transform
    return (data * (self.max - self.min)) + self.min
  File "/home/gbxade002/.local/lib/python3.8/site-packages/torch/_tensor.py", line 956, in __array__
    return self.numpy()
TypeError: can't convert cuda:0 device type tensor to numpy. Use Tensor.cpu() to copy the tensor to host memory first.
